<?xml version="1.0" encoding="UTF-8"?>
<!-- Generated by org.testng.reporters.JUnitReportReporter -->
<testsuite hostname="HarshPredator" failures="0" tests="1" name="tests.AddEmployeeTest" time="18.520" errors="0" timestamp="2025-05-20T22:48:57 IST" skipped="0">
  <testcase classname="tests.AddEmployeeTest" name="testAddEmployee" time="18.520"/>
</testsuite> <!-- tests.AddEmployeeTest -->
